Determining if the function log exists failed with the following output:
Change Dir: /home/poulio/Documents/openSrcLabs/lab5/Step5/Build/CMakeFiles/CMakeTmp

Run Build Command:/usr/bin/make "cmTryCompileExec3555975849/fast"
/usr/bin/make -f CMakeFiles/cmTryCompileExec3555975849.dir/build.make CMakeFiles/cmTryCompileExec3555975849.dir/build
make[1]: Entering directory `/home/poulio/Documents/openSrcLabs/lab5/Step5/Build/CMakeFiles/CMakeTmp'
/usr/bin/cmake -E cmake_progress_report /home/poulio/Documents/openSrcLabs/lab5/Step5/Build/CMakeFiles/CMakeTmp/CMakeFiles 1
Building C object CMakeFiles/cmTryCompileExec3555975849.dir/CheckFunctionExists.c.o
/usr/bin/cc   -DCHECK_FUNCTION_EXISTS=log   -o CMakeFiles/cmTryCompileExec3555975849.dir/CheckFunctionExists.c.o   -c /usr/share/cmake-2.8/Modules/CheckFunctionExists.c
<command-line>:0:23: warning: conflicting types for built-in function ‘log’ [enabled by default]
/usr/share/cmake-2.8/Modules/CheckFunctionExists.c:3:6: note: in expansion of macro ‘CHECK_FUNCTION_EXISTS’
 char CHECK_FUNCTION_EXISTS();
      ^
Linking C executable cmTryCompileExec3555975849
/usr/bin/cmake -E cmake_link_script CMakeFiles/cmTryCompileExec3555975849.dir/link.txt --verbose=1
/usr/bin/cc   -DCHECK_FUNCTION_EXISTS=log    CMakeFiles/cmTryCompileExec3555975849.dir/CheckFunctionExists.c.o  -o cmTryCompileExec3555975849 -rdynamic 
CMakeFiles/cmTryCompileExec3555975849.dir/CheckFunctionExists.c.o: In function `main':
CheckFunctionExists.c:(.text+0x15): undefined reference to `log'
collect2: error: ld returned 1 exit status
make[1]: *** [cmTryCompileExec3555975849] Error 1
make[1]: Leaving directory `/home/poulio/Documents/openSrcLabs/lab5/Step5/Build/CMakeFiles/CMakeTmp'
make: *** [cmTryCompileExec3555975849/fast] Error 2


Determining if the function exp exists failed with the following output:
Change Dir: /home/poulio/Documents/openSrcLabs/lab5/Step5/Build/CMakeFiles/CMakeTmp

Run Build Command:/usr/bin/make "cmTryCompileExec3775028236/fast"
/usr/bin/make -f CMakeFiles/cmTryCompileExec3775028236.dir/build.make CMakeFiles/cmTryCompileExec3775028236.dir/build
make[1]: Entering directory `/home/poulio/Documents/openSrcLabs/lab5/Step5/Build/CMakeFiles/CMakeTmp'
/usr/bin/cmake -E cmake_progress_report /home/poulio/Documents/openSrcLabs/lab5/Step5/Build/CMakeFiles/CMakeTmp/CMakeFiles 1
Building C object CMakeFiles/cmTryCompileExec3775028236.dir/CheckFunctionExists.c.o
/usr/bin/cc   -DCHECK_FUNCTION_EXISTS=exp   -o CMakeFiles/cmTryCompileExec3775028236.dir/CheckFunctionExists.c.o   -c /usr/share/cmake-2.8/Modules/CheckFunctionExists.c
<command-line>:0:23: warning: conflicting types for built-in function ‘exp’ [enabled by default]
/usr/share/cmake-2.8/Modules/CheckFunctionExists.c:3:6: note: in expansion of macro ‘CHECK_FUNCTION_EXISTS’
 char CHECK_FUNCTION_EXISTS();
      ^
Linking C executable cmTryCompileExec3775028236
/usr/bin/cmake -E cmake_link_script CMakeFiles/cmTryCompileExec3775028236.dir/link.txt --verbose=1
/usr/bin/cc   -DCHECK_FUNCTION_EXISTS=exp    CMakeFiles/cmTryCompileExec3775028236.dir/CheckFunctionExists.c.o  -o cmTryCompileExec3775028236 -rdynamic 
CMakeFiles/cmTryCompileExec3775028236.dir/CheckFunctionExists.c.o: In function `main':
CheckFunctionExists.c:(.text+0x15): undefined reference to `exp'
collect2: error: ld returned 1 exit status
make[1]: *** [cmTryCompileExec3775028236] Error 1
make[1]: Leaving directory `/home/poulio/Documents/openSrcLabs/lab5/Step5/Build/CMakeFiles/CMakeTmp'
make: *** [cmTryCompileExec3775028236/fast] Error 2


